0 verbose cli C:\Program Files\nodejs\node.exe C:\Users\Cell\AppData\Roaming\npm\node_modules\npm\bin\npm-cli.js
1 info using npm@8.10.0
2 info using node@v16.15.0
3 timing npm:load:whichnode Completed in 1ms
4 timing config:load:defaults Completed in 1ms
5 timing config:load:file:C:\Users\Cell\AppData\Roaming\npm\node_modules\npm\npmrc Completed in 2ms
6 timing config:load:builtin Completed in 2ms
7 timing config:load:cli Completed in 2ms
8 timing config:load:env Completed in 0ms
9 timing config:load:project Completed in 1ms
10 timing config:load:file:C:\Users\Cell\.npmrc Completed in 1ms
11 timing config:load:user Completed in 1ms
12 timing config:load:file:C:\Users\Cell\AppData\Roaming\npm\etc\npmrc Completed in 0ms
13 timing config:load:global Completed in 0ms
14 timing config:load:validate Completed in 1ms
15 timing config:load:credentials Completed in 1ms
16 timing config:load:setEnvs Completed in 1ms
17 timing config:load Completed in 10ms
18 timing npm:load:configload Completed in 10ms
19 timing npm:load:mkdirpcache Completed in 1ms
20 timing npm:load:mkdirplogs Completed in 0ms
21 verbose title npm install typescript
22 verbose argv "install" "--global" "typescript"
23 timing npm:load:setTitle Completed in 1ms
24 timing config:load:flatten Completed in 3ms
25 timing npm:load:display Completed in 4ms
26 verbose logfile logs-max:10 dir:C:\Users\Cell\AppData\Local\npm-cache\_logs
27 verbose logfile C:\Users\Cell\AppData\Local\npm-cache\_logs\2022-05-20T09_34_03_105Z-debug-0.log
28 timing npm:load:logFile Completed in 5ms
29 timing npm:load:timers Completed in 0ms
30 timing npm:load:configScope Completed in 0ms
31 timing npm:load Completed in 22ms
32 timing arborist:ctor Completed in 1ms
33 silly logfile start cleaning logs, removing 2 files
34 silly logfile done cleaning log files
35 timing idealTree:init Completed in 5ms
36 timing idealTree:userRequests Completed in 2ms
37 silly idealTree buildDeps
38 silly fetch manifest typescript@*
39 http fetch GET 200 https://registry.npmmirror.com/typescript 96ms (cache hit)
40 silly placeDep ROOT typescript@4.6.4 OK for:  want: *
41 timing idealTree:#root Completed in 130ms
42 timing idealTree:node_modules/typescript Completed in 0ms
43 timing idealTree:buildDeps Completed in 130ms
44 timing idealTree:fixDepFlags Completed in 2ms
45 timing idealTree Completed in 141ms
46 timing reify:loadTrees Completed in 144ms
47 timing reify:diffTrees Completed in 0ms
48 silly reify moves {}
49 timing reify:retireShallow Completed in 1ms
50 timing reify:createSparse Completed in 1ms
51 timing reify:loadBundles Completed in 0ms
52 silly audit bulk request { typescript: [ '4.6.4' ] }
53 silly tarball no local data for typescript@https://registry.npmmirror.com/typescript/-/typescript-4.6.4.tgz. Extracting by manifest.
54 http fetch POST 404 https://registry.npmmirror.com/-/npm/v1/security/advisories/bulk 49ms (cache skip)
55 silly audit bulk request failed <h1>404 Not Found</h1>
56 http fetch POST 404 https://registry.npmmirror.com/-/npm/v1/security/audits/quick 28ms (cache skip)
57 verbose audit error HttpErrorGeneral: 404 Not Found - POST https://registry.npmmirror.com/-/npm/v1/security/audits/quick
57 verbose audit error     at C:\Users\Cell\AppData\Roaming\npm\node_modules\npm\node_modules\npm-registry-fetch\lib\check-response.js:93:15
57 verbose audit error     at processTicksAndRejections (node:internal/process/task_queues:96:5)
57 verbose audit error     at async Map.[getReport] (C:\Users\Cell\AppData\Roaming\npm\node_modules\npm\node_modules\@npmcli\arborist\lib\audit-report.js:333:21)
57 verbose audit error     at async Map.run (C:\Users\Cell\AppData\Roaming\npm\node_modules\npm\node_modules\@npmcli\arborist\lib\audit-report.js:106:19) {
57 verbose audit error   headers: [Object: null prototype] {
57 verbose audit error     server: [ 'Tengine' ],
57 verbose audit error     'content-type': [ 'text/html; charset=utf-8' ],
57 verbose audit error     'content-length': [ '41' ],
57 verbose audit error     connection: [ 'keep-alive' ],
57 verbose audit error     'strict-transport-security': [ 'max-age=5184000' ],
57 verbose audit error     date: [ 'Fri, 20 May 2022 09:34:03 GMT' ],
57 verbose audit error     vary: [ 'Origin' ],
57 verbose audit error     'x-frame-options': [ 'SAMEORIGIN' ],
57 verbose audit error     'x-xss-protection': [ '1; mode=block' ],
57 verbose audit error     'x-content-type-options': [ 'nosniff' ],
57 verbose audit error     'x-download-options': [ 'noopen' ],
57 verbose audit error     'x-readtime': [ '1.523' ],
57 verbose audit error     'content-encoding': [ 'gzip' ],
57 verbose audit error     'ali-swift-global-savetime': [ '1653039243' ],
57 verbose audit error     via: [
57 verbose audit error       'cache10.l2cn1813[37,37,404-1280,M], cache16.l2cn1813[39,0], kunlun3.cn1361[0,0,404-0,H], kunlun2.cn1361[3,0]'
57 verbose audit error     ],
57 verbose audit error     age: [ '0' ],
57 verbose audit error     'x-cache': [ 'HIT TCP_MEM_HIT dirn:-2:-2' ],
57 verbose audit error     'x-swift-savetime': [ 'Fri, 20 May 2022 09:34:03 GMT' ],
57 verbose audit error     'x-swift-cachetime': [ '1' ],
57 verbose audit error     'timing-allow-origin': [ '*' ],
57 verbose audit error     eagleid: [ 'b706e79616530392439671479e' ],
57 verbose audit error     'x-fetch-attempts': [ '1' ],
57 verbose audit error     'x-local-cache-status': [ 'skip' ]
57 verbose audit error   },
57 verbose audit error   statusCode: 404,
57 verbose audit error   code: 'E404',
57 verbose audit error   method: 'POST',
57 verbose audit error   uri: 'https://registry.npmmirror.com/-/npm/v1/security/audits/quick',
57 verbose audit error   body: <Buffer 3c 68 31 3e 34 30 34 20 4e 6f 74 20 46 6f 75 6e 64 3c 2f 68 31 3e>,
57 verbose audit error   pkgid: undefined
57 verbose audit error }
58 silly audit error <h1>404 Not Found</h1>
59 timing auditReport:getReport Completed in 83ms
60 silly audit report null
61 timing reify:audit Completed in 84ms
62 http fetch GET 200 https://cdn.npmmirror.com/packages/typescript/4.6.4/typescript-4.6.4.tgz 1054ms (cache miss)
63 timing reifyNode:node_modules/typescript Completed in 1062ms
64 timing reify:unpack Completed in 1063ms
65 timing reify:unretire Completed in 0ms
66 timing build:queue Completed in 2ms
67 timing build:link:node_modules/typescript Completed in 6ms
68 timing build:link Completed in 6ms
69 timing build:deps Completed in 8ms
70 timing build Completed in 10ms
71 timing reify:build Completed in 10ms
72 timing reify:trash Completed in 0ms
73 timing reify Completed in 1233ms
74 silly ADD node_modules/typescript
75 timing command:install Completed in 1236ms
76 verbose exit 0
77 timing npm Completed in 1449ms
78 info ok
